<?xml version="1.0" encoding="UTF-8"?>
<testng-results ignored="0" total="2" passed="2" failed="0" skipped="0">
  <reporter-output>
  </reporter-output>
  <suite started-at="2024-10-24T01:13:58 EET" name="Default suite" finished-at="2024-10-24T01:14:15 EET" duration-ms="16853">
    <groups>
    </groups>
    <test started-at="2024-10-24T01:13:58 EET" name="Default test" finished-at="2024-10-24T01:14:15 EET" duration-ms="16853">
      <class name="TestCases">
        <test-method is-config="true" signature="setUp()[pri:0, instance:TestCases@1b765a2c]" started-at="2024-10-24T01:13:58 EET" name="setUp" finished-at="2024-10-24T01:13:59 EET" duration-ms="1443" status="PASS">
          <reporter-output>
          </reporter-output>
        </test-method> <!-- setUp -->
        <test-method signature="signUp()[pri:1, instance:TestCases@1b765a2c]" started-at="2024-10-24T01:14:00 EET" name="signUp" finished-at="2024-10-24T01:14:09 EET" duration-ms="9679" status="PASS">
          <reporter-output>
          </reporter-output>
        </test-method> <!-- signUp -->
        <test-method signature="logOut()[pri:2, instance:TestCases@1b765a2c]" started-at="2024-10-24T01:14:09 EET" name="logOut" finished-at="2024-10-24T01:14:15 EET" duration-ms="5699" status="PASS">
          <reporter-output>
          </reporter-output>
        </test-method> <!-- logOut -->
      </class> <!-- TestCases -->
    </test> <!-- Default test -->
  </suite> <!-- Default suite -->
</testng-results>
